

============================== 2023-03-31 03:22:18.134301 | dbb06699-8be1-493f-a72b-dbcf08a0ef6e ==============================
[0m03:22:18.134301 [info ] [MainThread]: Running with dbt=1.4.5
[0m03:22:18.136266 [debug] [MainThread]: running dbt with arguments {'write_json': True, 'use_colors': True, 'printer_width': 80, 'version_check': True, 'partial_parse': True, 'static_parser': True, 'profiles_dir': '/home/dmytro_fedoru/.dbt', 'send_anonymous_usage_stats': True, 'quiet': False, 'no_print': False, 'cache_selected_only': False, 'project_name': 'scrape_project_dbt', 'skip_profile_setup': False, 'which': 'init', 'indirect_selection': 'eager'}
[0m03:22:18.136540 [debug] [MainThread]: Tracking: tracking
[0m03:22:18.142069 [debug] [MainThread]: Sending event: {'category': 'dbt', 'action': 'invocation', 'label': 'start', 'context': [<snowplow_tracker.self_describing_json.SelfDescribingJson object at 0x7fa7ea73b100>, <snowplow_tracker.self_describing_json.SelfDescribingJson object at 0x7fa7ea73b9a0>, <snowplow_tracker.self_describing_json.SelfDescribingJson object at 0x7fa7ea73b9d0>]}
[0m03:22:18.144486 [debug] [MainThread]: Starter project path: /home/dmytro_fedoru/.local/lib/python3.9/site-packages/dbt/include/starter_project
[0m03:23:22.724962 [info ] [MainThread]: Profile scrape_project_dbt written to /home/dmytro_fedoru/.dbt/profiles.yml using target's profile_template.yml and your supplied values. Run 'dbt debug' to validate the connection.
[0m03:23:22.725724 [info ] [MainThread]: 
Your new dbt project "scrape_project_dbt" was created!

For more information on how to configure the profiles.yml file,
please consult the dbt documentation here:

  https://docs.getdbt.com/docs/configure-your-profile

One more thing:

Need help? Don't hesitate to reach out to us via GitHub issues or on Slack:

  https://community.getdbt.com/

Happy modeling!

[0m03:23:22.726322 [debug] [MainThread]: Sending event: {'category': 'dbt', 'action': 'invocation', 'label': 'end', 'context': [<snowplow_tracker.self_describing_json.SelfDescribingJson object at 0x7fa7eb9373a0>, <snowplow_tracker.self_describing_json.SelfDescribingJson object at 0x7fa7eb6bb580>, <snowplow_tracker.self_describing_json.SelfDescribingJson object at 0x7fa7daa5a400>]}
[0m03:23:22.726803 [debug] [MainThread]: Flushing usage events


============================== 2023-03-31 04:08:35.576503 | 5c887f69-5822-41e8-ad39-56859894844e ==============================
[0m04:08:35.576503 [info ] [MainThread]: Running with dbt=1.4.5
[0m04:08:35.578454 [debug] [MainThread]: running dbt with arguments {'write_json': True, 'use_colors': True, 'printer_width': 80, 'version_check': True, 'partial_parse': True, 'static_parser': True, 'profiles_dir': '/home/dmytro_fedoru/.dbt', 'send_anonymous_usage_stats': True, 'quiet': False, 'no_print': False, 'cache_selected_only': False, 'config_dir': False, 'which': 'debug', 'indirect_selection': 'eager'}
[0m04:08:35.578777 [debug] [MainThread]: Tracking: tracking
[0m04:08:35.583650 [debug] [MainThread]: Sending event: {'category': 'dbt', 'action': 'invocation', 'label': 'start', 'context': [<snowplow_tracker.self_describing_json.SelfDescribingJson object at 0x7f9d1c17ebe0>, <snowplow_tracker.self_describing_json.SelfDescribingJson object at 0x7f9d1c17e8b0>, <snowplow_tracker.self_describing_json.SelfDescribingJson object at 0x7f9d1c17e820>]}
[0m04:08:36.675734 [debug] [MainThread]: Executing "git --help"
[0m04:08:36.684912 [debug] [MainThread]: STDOUT: "b"usage: git [--version] [--help] [-C <path>] [-c <name>=<value>]\n           [--exec-path[=<path>]] [--html-path] [--man-path] [--info-path]\n           [-p | --paginate | -P | --no-pager] [--no-replace-objects] [--bare]\n           [--git-dir=<path>] [--work-tree=<path>] [--namespace=<name>]\n           <command> [<args>]\n\nThese are common Git commands used in various situations:\n\nstart a working area (see also: git help tutorial)\n   clone             Clone a repository into a new directory\n   init              Create an empty Git repository or reinitialize an existing one\n\nwork on the current change (see also: git help everyday)\n   add               Add file contents to the index\n   mv                Move or rename a file, a directory, or a symlink\n   restore           Restore working tree files\n   rm                Remove files from the working tree and from the index\n   sparse-checkout   Initialize and modify the sparse-checkout\n\nexamine the history and state (see also: git help revisions)\n   bisect            Use binary search to find the commit that introduced a bug\n   diff              Show changes between commits, commit and working tree, etc\n   grep              Print lines matching a pattern\n   log               Show commit logs\n   show              Show various types of objects\n   status            Show the working tree status\n\ngrow, mark and tweak your common history\n   branch            List, create, or delete branches\n   commit            Record changes to the repository\n   merge             Join two or more development histories together\n   rebase            Reapply commits on top of another base tip\n   reset             Reset current HEAD to the specified state\n   switch            Switch branches\n   tag               Create, list, delete or verify a tag object signed with GPG\n\ncollaborate (see also: git help workflows)\n   fetch             Download objects and refs from another repository\n   pull              Fetch from and integrate with another repository or a local branch\n   push              Update remote refs along with associated objects\n\n'git help -a' and 'git help -g' list available subcommands and some\nconcept guides. See 'git help <command>' or 'git help <concept>'\nto read about a specific subcommand or concept.\nSee 'git help git' for an overview of the system.\n""
[0m04:08:36.685761 [debug] [MainThread]: STDERR: "b''"
[0m04:08:36.686579 [debug] [MainThread]: Sending event: {'category': 'dbt', 'action': 'invocation', 'label': 'end', 'context': [<snowplow_tracker.self_describing_json.SelfDescribingJson object at 0x7f9d1c17eb20>, <snowplow_tracker.self_describing_json.SelfDescribingJson object at 0x7f9d0ca0f4f0>, <snowplow_tracker.self_describing_json.SelfDescribingJson object at 0x7f9d0c501130>]}
[0m04:08:36.687269 [debug] [MainThread]: Flushing usage events
