[32m2023-03-31 05:16:06 +0000[0m - dagster - [34mDEBUG[0m - __ASSET_JOB - 12e4394a-17a7-4d2d-931b-67bb9dc7a7c3 - 28643 - LOGS_CAPTURED - Started capturing logs in process (pid: 28643).
[32m2023-03-31 05:16:06 +0000[0m - dagster - [34mDEBUG[0m - __ASSET_JOB - 12e4394a-17a7-4d2d-931b-67bb9dc7a7c3 - 28643 - run_dbt_e714a - STEP_START - Started execution of step "run_dbt_e714a".
[32m2023-03-31 05:16:06 +0000[0m - dagster - [34mINFO[0m - resource:dbt - 12e4394a-17a7-4d2d-931b-67bb9dc7a7c3 - run_dbt_e714a - Executing command: dbt --no-use-color --log-format json run --project-dir /home/dmytro_fedoru/dag-scrape-project/dag_scrape_project/../scrape_project_dbt --select scrape_project_dbt.example.my_first_dbt_model scrape_project_dbt.example.my_second_dbt_model
[32m2023-03-31 05:16:10 +0000[0m - dagster - [34mINFO[0m - resource:dbt - 12e4394a-17a7-4d2d-931b-67bb9dc7a7c3 - run_dbt_e714a - Running with dbt=1.4.5
[32m2023-03-31 05:16:10 +0000[0m - dagster - [34mINFO[0m - resource:dbt - 12e4394a-17a7-4d2d-931b-67bb9dc7a7c3 - run_dbt_e714a - Unable to do partial parsing because profile has changed
[32m2023-03-31 05:16:11 +0000[0m - dagster - [34mINFO[0m - resource:dbt - 12e4394a-17a7-4d2d-931b-67bb9dc7a7c3 - run_dbt_e714a - Found 3 models, 6 tests, 0 snapshots, 0 analyses, 337 macros, 0 operations, 0 seed files, 0 sources, 0 exposures, 0 metrics
[32m2023-03-31 05:16:12 +0000[0m - dagster - [34mINFO[0m - resource:dbt - 12e4394a-17a7-4d2d-931b-67bb9dc7a7c3 - run_dbt_e714a - Concurrency: 1 threads (target='dev')
[32m2023-03-31 05:16:12 +0000[0m - dagster - [34mINFO[0m - resource:dbt - 12e4394a-17a7-4d2d-931b-67bb9dc7a7c3 - run_dbt_e714a - 1 of 2 START sql table model TestScrapeDataset.my_first_dbt_model .............. [RUN]
[32m2023-03-31 05:16:15 +0000[0m - dagster - [34mDEBUG[0m - __ASSET_JOB - 12e4394a-17a7-4d2d-931b-67bb9dc7a7c3 - 28643 - run_dbt_e714a - STEP_OUTPUT - Yielded output "my_first_dbt_model" of type "Nothing". (Type check passed).
[32m2023-03-31 05:16:15 +0000[0m - dagster - [34mDEBUG[0m - __ASSET_JOB - 12e4394a-17a7-4d2d-931b-67bb9dc7a7c3 - 28643 - run_dbt_e714a - ASSET_MATERIALIZATION - Materialized value ecom my_first_dbt_model.
[32m2023-03-31 05:16:15 +0000[0m - dagster - [34mDEBUG[0m - __ASSET_JOB - 12e4394a-17a7-4d2d-931b-67bb9dc7a7c3 - 28643 - run_dbt_e714a - HANDLED_OUTPUT - Handled output "my_first_dbt_model" using IO manager "io_manager"
[32m2023-03-31 05:16:15 +0000[0m - dagster - [34mINFO[0m - resource:dbt - 12e4394a-17a7-4d2d-931b-67bb9dc7a7c3 - run_dbt_e714a - 1 of 2 OK created sql table model TestScrapeDataset.my_first_dbt_model ......... [CREATE TABLE (2.0 rows, 0 processed) in 3.30s]
[32m2023-03-31 05:16:15 +0000[0m - dagster - [34mINFO[0m - resource:dbt - 12e4394a-17a7-4d2d-931b-67bb9dc7a7c3 - run_dbt_e714a - 2 of 2 START sql view model TestScrapeDataset.my_second_dbt_model .............. [RUN]
[32m2023-03-31 05:16:16 +0000[0m - dagster - [34mDEBUG[0m - __ASSET_JOB - 12e4394a-17a7-4d2d-931b-67bb9dc7a7c3 - 28643 - run_dbt_e714a - STEP_OUTPUT - Yielded output "my_second_dbt_model" of type "Nothing". (Type check passed).
[32m2023-03-31 05:16:17 +0000[0m - dagster - [34mDEBUG[0m - __ASSET_JOB - 12e4394a-17a7-4d2d-931b-67bb9dc7a7c3 - 28643 - run_dbt_e714a - ASSET_MATERIALIZATION - Materialized value ecom my_second_dbt_model.
[32m2023-03-31 05:16:17 +0000[0m - dagster - [34mDEBUG[0m - __ASSET_JOB - 12e4394a-17a7-4d2d-931b-67bb9dc7a7c3 - 28643 - run_dbt_e714a - HANDLED_OUTPUT - Handled output "my_second_dbt_model" using IO manager "io_manager"
[32m2023-03-31 05:16:17 +0000[0m - dagster - [34mINFO[0m - resource:dbt - 12e4394a-17a7-4d2d-931b-67bb9dc7a7c3 - run_dbt_e714a - 2 of 2 OK created sql view model TestScrapeDataset.my_second_dbt_model ......... [CREATE VIEW (0 processed) in 1.24s]
[32m2023-03-31 05:16:17 +0000[0m - dagster - [34mINFO[0m - resource:dbt - 12e4394a-17a7-4d2d-931b-67bb9dc7a7c3 - run_dbt_e714a - Finished running 1 table model, 1 view model in 0 hours 0 minutes and 5.30 seconds (5.30s).
[32m2023-03-31 05:16:17 +0000[0m - dagster - [34mINFO[0m - resource:dbt - 12e4394a-17a7-4d2d-931b-67bb9dc7a7c3 - run_dbt_e714a - Completed successfully
[32m2023-03-31 05:16:17 +0000[0m - dagster - [34mINFO[0m - resource:dbt - 12e4394a-17a7-4d2d-931b-67bb9dc7a7c3 - run_dbt_e714a - Done. PASS=2 WARN=0 ERROR=0 SKIP=0 TOTAL=2
[32m2023-03-31 05:16:18 +0000[0m - dagster - [34mINFO[0m - resource:dbt - 12e4394a-17a7-4d2d-931b-67bb9dc7a7c3 - run_dbt_e714a - dbt exited with return code 0
[32m2023-03-31 05:16:18 +0000[0m - dagster - [34mINFO[0m - __ASSET_JOB - 12e4394a-17a7-4d2d-931b-67bb9dc7a7c3 - run_dbt_e714a - op 'run_dbt_e714a' did not fire outputs {'common_products'}
[32m2023-03-31 05:16:18 +0000[0m - dagster - [34mDEBUG[0m - __ASSET_JOB - 12e4394a-17a7-4d2d-931b-67bb9dc7a7c3 - 28643 - run_dbt_e714a - STEP_SUCCESS - Finished execution of step "run_dbt_e714a" in 11.57s.
