[32m2023-03-31 05:13:46 +0000[0m - dagster - [34mDEBUG[0m - __ASSET_JOB - 1919e01d-5d98-4180-9e1f-1a5d304498cd - 26703 - LOGS_CAPTURED - Started capturing logs in process (pid: 26703).
[32m2023-03-31 05:13:46 +0000[0m - dagster - [34mDEBUG[0m - __ASSET_JOB - 1919e01d-5d98-4180-9e1f-1a5d304498cd - 26703 - run_dbt_e714a - STEP_START - Started execution of step "run_dbt_e714a".
[32m2023-03-31 05:13:46 +0000[0m - dagster - [34mINFO[0m - resource:dbt - 1919e01d-5d98-4180-9e1f-1a5d304498cd - run_dbt_e714a - Executing command: dbt --no-use-color --log-format json run --project-dir /home/dmytro_fedoru/dag-scrape-project/dag_scrape_project/../scrape_project_dbt --profile-dir /home/dmytro_fedoru/dag-scrape-project/dag_scrape_project/../scrape_project_dbt/config --select scrape_project_dbt.example.my_first_dbt_model scrape_project_dbt.example.my_second_dbt_model
[32m2023-03-31 05:13:48 +0000[0m - dagster - [34mINFO[0m - resource:dbt - 1919e01d-5d98-4180-9e1f-1a5d304498cd - run_dbt_e714a - usage: dbt [-h] [--version] [-r RECORD_TIMING_INFO] [-d]
[32m2023-03-31 05:13:48 +0000[0m - dagster - [34mINFO[0m - resource:dbt - 1919e01d-5d98-4180-9e1f-1a5d304498cd - run_dbt_e714a - [--log-format {text,json,default}] [--no-write-json]
[32m2023-03-31 05:13:48 +0000[0m - dagster - [34mINFO[0m - resource:dbt - 1919e01d-5d98-4180-9e1f-1a5d304498cd - run_dbt_e714a - [--use-colors | --no-use-colors] [--printer-width PRINTER_WIDTH]
[32m2023-03-31 05:13:48 +0000[0m - dagster - [34mINFO[0m - resource:dbt - 1919e01d-5d98-4180-9e1f-1a5d304498cd - run_dbt_e714a - [--warn-error | --warn-error-options WARN_ERROR_OPTIONS]
[32m2023-03-31 05:13:48 +0000[0m - dagster - [34mINFO[0m - resource:dbt - 1919e01d-5d98-4180-9e1f-1a5d304498cd - run_dbt_e714a - [--no-version-check] [--partial-parse | --no-partial-parse]
[32m2023-03-31 05:13:48 +0000[0m - dagster - [34mINFO[0m - resource:dbt - 1919e01d-5d98-4180-9e1f-1a5d304498cd - run_dbt_e714a - [--use-experimental-parser] [--no-static-parser]
[32m2023-03-31 05:13:48 +0000[0m - dagster - [34mINFO[0m - resource:dbt - 1919e01d-5d98-4180-9e1f-1a5d304498cd - run_dbt_e714a - [--profiles-dir PROFILES_DIR] [--no-anonymous-usage-stats] [-x]
[32m2023-03-31 05:13:48 +0000[0m - dagster - [34mINFO[0m - resource:dbt - 1919e01d-5d98-4180-9e1f-1a5d304498cd - run_dbt_e714a - [-q] [--no-print]
[32m2023-03-31 05:13:48 +0000[0m - dagster - [34mINFO[0m - resource:dbt - 1919e01d-5d98-4180-9e1f-1a5d304498cd - run_dbt_e714a - [--cache-selected-only | --no-cache-selected-only]
[32m2023-03-31 05:13:48 +0000[0m - dagster - [34mINFO[0m - resource:dbt - 1919e01d-5d98-4180-9e1f-1a5d304498cd - run_dbt_e714a - {docs,source,init,clean,debug,deps,list,ls,build,snapshot,run,compile,parse,test,seed,run-operation}
[32m2023-03-31 05:13:48 +0000[0m - dagster - [34mINFO[0m - resource:dbt - 1919e01d-5d98-4180-9e1f-1a5d304498cd - run_dbt_e714a - ...
[32m2023-03-31 05:13:49 +0000[0m - dagster - [34mINFO[0m - resource:dbt - 1919e01d-5d98-4180-9e1f-1a5d304498cd - run_dbt_e714a - dbt: error: unrecognized arguments: --profile-dir /home/dmytro_fedoru/dag-scrape-project/dag_scrape_project/../scrape_project_dbt/config
[32m2023-03-31 05:13:49 +0000[0m - dagster - [34mERROR[0m - [31m__ASSET_JOB - 1919e01d-5d98-4180-9e1f-1a5d304498cd - 26703 - run_dbt_e714a - STEP_FAILURE - Execution of step "run_dbt_e714a" failed.

dagster_dbt.errors.DagsterDbtCliFatalRuntimeError: Fatal error in the dbt CLI (return code 2): usage: dbt [-h] [--version] [-r RECORD_TIMING_INFO] [-d] [--log-format {text,json,default}] [--no-write-json] [--use-colors | --no-use-colors] [--printer-width PRINTER_WIDTH] [--warn-error | --warn-error-options WARN_ERROR_OPTIONS] [--no-version-check] [--partial-parse | --no-partial-parse] [--use-experimental-parser] [--no-static-parser] [--profiles-dir PROFILES_DIR] [--no-anonymous-usage-stats] [-x] [-q] [--no-print] [--cache-selected-only | --no-cache-selected-only] {docs,source,init,clean,debug,deps,list,ls,build,snapshot,run,compile,parse,test,seed,run-operation} ... dbt: error: unrecognized arguments: --profile-dir /home/dmytro_fedoru/dag-scrape-project/dag_scrape_project/../scrape_project_dbt/config

Stack Trace:
  File "/home/dmytro_fedoru/.local/lib/python3.9/site-packages/dagster/_core/execution/plan/execute_plan.py", line 268, in dagster_event_sequence_for_step
    for step_event in check.generator(step_events):
  File "/home/dmytro_fedoru/.local/lib/python3.9/site-packages/dagster/_core/execution/plan/execute_step.py", line 375, in core_dagster_event_sequence_for_step
    for user_event in check.generator(
  File "/home/dmytro_fedoru/.local/lib/python3.9/site-packages/dagster/_core/execution/plan/execute_step.py", line 91, in _step_output_error_checked_user_event_sequence
    for user_event in user_event_sequence:
  File "/home/dmytro_fedoru/.local/lib/python3.9/site-packages/dagster/_core/execution/plan/compute.py", line 186, in execute_core_compute
    for step_output in _yield_compute_results(step_context, inputs, compute_fn):
  File "/home/dmytro_fedoru/.local/lib/python3.9/site-packages/dagster/_core/execution/plan/compute.py", line 155, in _yield_compute_results
    for event in iterate_with_context(
  File "/home/dmytro_fedoru/.local/lib/python3.9/site-packages/dagster/_utils/__init__.py", line 439, in iterate_with_context
    next_output = next(iterator)
  File "/home/dmytro_fedoru/.local/lib/python3.9/site-packages/dagster_dbt/asset_defs.py", line 528, in _dbt_op
    yield from _stream_event_iterator(
  File "/home/dmytro_fedoru/.local/lib/python3.9/site-packages/dagster_dbt/asset_defs.py", line 456, in _stream_event_iterator
    for parsed_json_line in dbt_resource.cli_stream_json(
  File "/home/dmytro_fedoru/.local/lib/python3.9/site-packages/dagster_dbt/cli/resources.py", line 120, in cli_stream_json
    for event in execute_cli_stream(
  File "/home/dmytro_fedoru/.local/lib/python3.9/site-packages/dagster_dbt/cli/utils.py", line 183, in execute_cli_stream
    for event in _core_execute_cli(
  File "/home/dmytro_fedoru/.local/lib/python3.9/site-packages/dagster_dbt/cli/utils.py", line 153, in _core_execute_cli
    raise DagsterDbtCliFatalRuntimeError(messages=messages)
[0m
